e:\game\game-2020\game_engine_2020\game\debug\vc141.pdb
e:\game\game-2020\game_engine_2020\game\debug\vc141.idb
e:\game\game-2020\game_engine_2020\game\debug\textures.obj
e:\game\game-2020\game_engine_2020\game\debug\sprites.obj
e:\game\game-2020\game_engine_2020\game\debug\debug.obj
e:\game\game-2020\game_engine_2020\game\debug\camera.obj
e:\game\game-2020\game_engine_2020\game\debug\simon.obj
e:\game\game-2020\game_engine_2020\game\debug\goomba.obj
e:\game\game-2020\game_engine_2020\game\debug\gameobject.obj
e:\game\game-2020\game_engine_2020\game\debug\brick.obj
e:\game\game-2020\game_engine_2020\game\debug\game.obj
e:\game\game-2020\game_engine_2020\game\debug\main.obj
e:\game\game-2020\game_engine_2020\game\debug\map.obj
e:\game\game-2020\game_engine_2020\game\debug\mario.obj
e:\game\game-2020\game_engine_2020\game\debug\utils.obj
e:\game\game-2020\game_engine_2020\game\debug\scencemanager.obj
e:\game\game-2020\game_engine_2020\game\debug\keyeventhandeler.obj
e:\game\game-2020\game_engine_2020\game\debug\animations.obj
e:\game\game-2020\game_engine_2020\game\debug\scencegame.obj
e:\game\game-2020\game_engine_2020\game\debug\portal.obj
e:\game\game-2020\game_engine_2020\game\debug\koopas.obj
e:\game\game-2020\game_engine_2020\debug\game.exe
e:\game\game-2020\game_engine_2020\debug\game.ilk
e:\game\game-2020\game_engine_2020\debug\game.pdb
e:\game\game-2020\game_engine_2020\game\debug\game.tlog\cl.command.1.tlog
e:\game\game-2020\game_engine_2020\game\debug\game.tlog\cl.read.1.tlog
e:\game\game-2020\game_engine_2020\game\debug\game.tlog\cl.write.1.tlog
e:\game\game-2020\game_engine_2020\game\debug\game.tlog\link.command.1.tlog
e:\game\game-2020\game_engine_2020\game\debug\game.tlog\link.read.1.tlog
e:\game\game-2020\game_engine_2020\game\debug\game.tlog\link.write.1.tlog
